Library/Bee/Android/Prj/Mono2x/Gradle/launcher/build/intermediates/manifest_merge_blame_file/release/manifest-merger-blame-release-report.txt
1<?xml version="1.0" encoding="utf-8"?>
2<manifest xmlns:android="http://schemas.android.com/apk/res/android"
3    package="com.healthapp"
4    android:installLocation="preferExternal"
5    android:versionCode="1"
6    android:versionName="1.0" >
7
8    <uses-sdk
9        android:minSdkVersion="22"
9-->src\main\AndroidManifest.xml
10        android:targetSdkVersion="32" />
10-->src\main\AndroidManifest.xml
11
12    <supports-screens
12-->src\main\AndroidManifest.xml:4:3-163
13        android:anyDensity="true"
13-->src\main\AndroidManifest.xml:4:135-160
14        android:largeScreens="true"
14-->src\main\AndroidManifest.xml:4:78-105
15        android:normalScreens="true"
15-->src\main\AndroidManifest.xml:4:49-77
16        android:smallScreens="true"
16-->src\main\AndroidManifest.xml:4:21-48
17        android:xlargeScreens="true" />
17-->src\main\AndroidManifest.xml:4:106-134
18
19    <uses-feature android:glEsVersion="0x00030000" />
19-->[:unityLibrary] AndroidManifest.xml:10:5-54
19-->[:unityLibrary] AndroidManifest.xml:10:19-51
20    <uses-feature
20-->[:unityLibrary] AndroidManifest.xml:11:5-13:36
21        android:name="android.hardware.vulkan.version"
21-->[:unityLibrary] AndroidManifest.xml:12:9-55
22        android:required="false" />
22-->[:unityLibrary] AndroidManifest.xml:13:9-33
23    <uses-feature
23-->[:unityLibrary] AndroidManifest.xml:14:5-16:36
24        android:name="android.hardware.touchscreen"
24-->[:unityLibrary] AndroidManifest.xml:15:9-52
25        android:required="false" />
25-->[:unityLibrary] AndroidManifest.xml:16:9-33
26    <uses-feature
26-->[:unityLibrary] AndroidManifest.xml:17:5-19:36
27        android:name="android.hardware.touchscreen.multitouch"
27-->[:unityLibrary] AndroidManifest.xml:18:9-63
28        android:required="false" />
28-->[:unityLibrary] AndroidManifest.xml:19:9-33
29    <uses-feature
29-->[:unityLibrary] AndroidManifest.xml:20:5-22:36
30        android:name="android.hardware.touchscreen.multitouch.distinct"
30-->[:unityLibrary] AndroidManifest.xml:21:9-72
31        android:required="false" />
31-->[:unityLibrary] AndroidManifest.xml:22:9-33
32
33    <uses-permission android:name="android.permission.INTERNET" />
33-->[:com.google.android.recaptcha.recaptcha-18.1.2:] AndroidManifest.xml:7:5-67
33-->[:com.google.android.recaptcha.recaptcha-18.1.2:] AndroidManifest.xml:7:22-64
34    <uses-permission android:name="android.permission.ACCESS_NETWORK_STATE" />
34-->[:com.google.android.recaptcha.recaptcha-18.1.2:] AndroidManifest.xml:8:5-79
34-->[:com.google.android.recaptcha.recaptcha-18.1.2:] AndroidManifest.xml:8:22-76
35    <uses-permission android:name="android.permission.WAKE_LOCK" />
35-->[:com.google.android.gms.play-services-measurement-api-21.2.2:] AndroidManifest.xml:24:5-68
35-->[:com.google.android.gms.play-services-measurement-api-21.2.2:] AndroidManifest.xml:24:22-65
36    <uses-permission android:name="com.google.android.gms.permission.AD_ID" />
36-->[:com.google.android.gms.play-services-measurement-api-21.2.2:] AndroidManifest.xml:25:5-79
36-->[:com.google.android.gms.play-services-measurement-api-21.2.2:] AndroidManifest.xml:25:22-76
37    <uses-permission android:name="com.google.android.finsky.permission.BIND_GET_INSTALL_REFERRER_SERVICE" />
37-->[:com.google.android.gms.play-services-measurement-impl-21.2.2:] AndroidManifest.xml:26:5-110
37-->[:com.google.android.gms.play-services-measurement-impl-21.2.2:] AndroidManifest.xml:26:22-107
38
39    <application
39-->src\main\AndroidManifest.xml:3:3-83
40        android:appComponentFactory="androidx.core.app.CoreComponentFactory"
40-->[:androidx.core.core-1.2.0:] AndroidManifest.xml:24:18-86
41        android:extractNativeLibs="true"
41-->[:unityLibrary] AndroidManifest.xml:24:18-50
42        android:icon="@mipmap/app_icon"
42-->src\main\AndroidManifest.xml:3:49-80
43        android:label="@string/app_name" >
43-->src\main\AndroidManifest.xml:3:16-48
44        <meta-data
44-->[:unityLibrary] AndroidManifest.xml:25:9-27:33
45            android:name="unity.splash-mode"
45-->[:unityLibrary] AndroidManifest.xml:26:13-45
46            android:value="0" />
46-->[:unityLibrary] AndroidManifest.xml:27:13-30
47        <meta-data
47-->[:unityLibrary] AndroidManifest.xml:28:9-30:36
48            android:name="unity.splash-enable"
48-->[:unityLibrary] AndroidManifest.xml:29:13-47
49            android:value="True" />
49-->[:unityLibrary] AndroidManifest.xml:30:13-33
50        <meta-data
50-->[:unityLibrary] AndroidManifest.xml:31:9-33:36
51            android:name="unity.launch-fullscreen"
51-->[:unityLibrary] AndroidManifest.xml:32:13-51
52            android:value="True" />
52-->[:unityLibrary] AndroidManifest.xml:33:13-33
53        <meta-data
53-->[:unityLibrary] AndroidManifest.xml:34:9-36:37
54            android:name="unity.allow-resizable-window"
54-->[:unityLibrary] AndroidManifest.xml:35:13-56
55            android:value="False" />
55-->[:unityLibrary] AndroidManifest.xml:36:13-34
56        <meta-data
56-->[:unityLibrary] AndroidManifest.xml:37:9-39:50
57            android:name="notch.config"
57-->[:unityLibrary] AndroidManifest.xml:38:13-40
58            android:value="portrait|landscape" />
58-->[:unityLibrary] AndroidManifest.xml:39:13-47
59        <meta-data
59-->[:unityLibrary] AndroidManifest.xml:40:9-42:36
60            android:name="unity.auto-report-fully-drawn"
60-->[:unityLibrary] AndroidManifest.xml:41:13-57
61            android:value="true" />
61-->[:unityLibrary] AndroidManifest.xml:42:13-33
62
63        <activity
63-->[:unityLibrary] AndroidManifest.xml:44:9-65:20
64            android:name="com.unity3d.player.UnityPlayerActivity"
64-->[:unityLibrary] AndroidManifest.xml:45:13-66
65            android:configChanges="mcc|mnc|locale|touchscreen|keyboard|keyboardHidden|navigation|orientation|screenLayout|uiMode|screenSize|smallestScreenSize|fontScale|layoutDirection|density"
65-->[:unityLibrary] AndroidManifest.xml:46:13-194
66            android:exported="true"
66-->[:unityLibrary] AndroidManifest.xml:47:13-36
67            android:hardwareAccelerated="false"
67-->[:unityLibrary] AndroidManifest.xml:48:13-48
68            android:launchMode="singleTask"
68-->[:unityLibrary] AndroidManifest.xml:49:13-44
69            android:resizeableActivity="false"
69-->[:unityLibrary] AndroidManifest.xml:50:13-47
70            android:screenOrientation="fullUser"
70-->[:unityLibrary] AndroidManifest.xml:51:13-49
71            android:theme="@style/UnityThemeSelector" >
71-->[:unityLibrary] AndroidManifest.xml:52:13-54
72            <intent-filter>
72-->[:unityLibrary] AndroidManifest.xml:53:13-57:29
73                <category android:name="android.intent.category.LAUNCHER" />
73-->[:unityLibrary] AndroidManifest.xml:54:17-77
73-->[:unityLibrary] AndroidManifest.xml:54:27-74
74
75                <action android:name="android.intent.action.MAIN" />
75-->[:unityLibrary] AndroidManifest.xml:56:17-69
75-->[:unityLibrary] AndroidManifest.xml:56:25-66
76            </intent-filter>
77
78            <meta-data
78-->[:unityLibrary] AndroidManifest.xml:59:13-61:40
79                android:name="unityplayer.UnityActivity"
79-->[:unityLibrary] AndroidManifest.xml:60:17-57
80                android:value="true" />
80-->[:unityLibrary] AndroidManifest.xml:61:17-37
81            <meta-data
81-->[:unityLibrary] AndroidManifest.xml:62:13-64:40
82                android:name="notch_support"
82-->[:unityLibrary] AndroidManifest.xml:63:17-45
83                android:value="true" />
83-->[:unityLibrary] AndroidManifest.xml:64:17-37
84        </activity>
85        <activity
85-->[:com.google.firebase.firebase-auth-22.0.0:] AndroidManifest.xml:29:9-46:20
86            android:name="com.google.firebase.auth.internal.GenericIdpActivity"
86-->[:com.google.firebase.firebase-auth-22.0.0:] AndroidManifest.xml:30:13-80
87            android:excludeFromRecents="true"
87-->[:com.google.firebase.firebase-auth-22.0.0:] AndroidManifest.xml:31:13-46
88            android:exported="true"
88-->[:com.google.firebase.firebase-auth-22.0.0:] AndroidManifest.xml:32:13-36
89            android:launchMode="singleTask"
89-->[:com.google.firebase.firebase-auth-22.0.0:] AndroidManifest.xml:33:13-44
90            android:theme="@android:style/Theme.Translucent.NoTitleBar" >
90-->[:com.google.firebase.firebase-auth-22.0.0:] AndroidManifest.xml:34:13-72
91            <intent-filter>
91-->[:com.google.firebase.firebase-auth-22.0.0:] AndroidManifest.xml:35:13-45:29
92                <action android:name="android.intent.action.VIEW" />
92-->[:com.google.firebase.firebase-auth-22.0.0:] AndroidManifest.xml:36:17-69
92-->[:com.google.firebase.firebase-auth-22.0.0:] AndroidManifest.xml:36:25-66
93
94                <category android:name="android.intent.category.DEFAULT" />
94-->[:com.google.firebase.firebase-auth-22.0.0:] AndroidManifest.xml:38:17-76
94-->[:com.google.firebase.firebase-auth-22.0.0:] AndroidManifest.xml:38:27-73
95                <category android:name="android.intent.category.BROWSABLE" />
95-->[:com.google.firebase.firebase-auth-22.0.0:] AndroidManifest.xml:39:17-78
95-->[:com.google.firebase.firebase-auth-22.0.0:] AndroidManifest.xml:39:27-75
96
97                <data
97-->[:com.google.firebase.firebase-auth-22.0.0:] AndroidManifest.xml:41:17-44:51
98                    android:host="firebase.auth"
98-->[:com.google.firebase.firebase-auth-22.0.0:] AndroidManifest.xml:42:21-49
99                    android:path="/"
99-->[:com.google.firebase.firebase-auth-22.0.0:] AndroidManifest.xml:43:21-37
100                    android:scheme="genericidp" />
100-->[:com.google.firebase.firebase-auth-22.0.0:] AndroidManifest.xml:44:21-48
101            </intent-filter>
102        </activity>
103        <activity
103-->[:com.google.firebase.firebase-auth-22.0.0:] AndroidManifest.xml:47:9-64:20
104            android:name="com.google.firebase.auth.internal.RecaptchaActivity"
104-->[:com.google.firebase.firebase-auth-22.0.0:] AndroidManifest.xml:48:13-79
105            android:excludeFromRecents="true"
105-->[:com.google.firebase.firebase-auth-22.0.0:] AndroidManifest.xml:49:13-46
106            android:exported="true"
106-->[:com.google.firebase.firebase-auth-22.0.0:] AndroidManifest.xml:50:13-36
107            android:launchMode="singleTask"
107-->[:com.google.firebase.firebase-auth-22.0.0:] AndroidManifest.xml:51:13-44
108            android:theme="@android:style/Theme.Translucent.NoTitleBar" >
108-->[:com.google.firebase.firebase-auth-22.0.0:] AndroidManifest.xml:52:13-72
109            <intent-filter>
109-->[:com.google.firebase.firebase-auth-22.0.0:] AndroidManifest.xml:53:13-63:29
110                <action android:name="android.intent.action.VIEW" />
110-->[:com.google.firebase.firebase-auth-22.0.0:] AndroidManifest.xml:36:17-69
110-->[:com.google.firebase.firebase-auth-22.0.0:] AndroidManifest.xml:36:25-66
111
112                <category android:name="android.intent.category.DEFAULT" />
112-->[:com.google.firebase.firebase-auth-22.0.0:] AndroidManifest.xml:38:17-76
112-->[:com.google.firebase.firebase-auth-22.0.0:] AndroidManifest.xml:38:27-73
113                <category android:name="android.intent.category.BROWSABLE" />
113-->[:com.google.firebase.firebase-auth-22.0.0:] AndroidManifest.xml:39:17-78
113-->[:com.google.firebase.firebase-auth-22.0.0:] AndroidManifest.xml:39:27-75
114
115                <data
115-->[:com.google.firebase.firebase-auth-22.0.0:] AndroidManifest.xml:41:17-44:51
116                    android:host="firebase.auth"
116-->[:com.google.firebase.firebase-auth-22.0.0:] AndroidManifest.xml:42:21-49
117                    android:path="/"
117-->[:com.google.firebase.firebase-auth-22.0.0:] AndroidManifest.xml:43:21-37
118                    android:scheme="recaptcha" />
118-->[:com.google.firebase.firebase-auth-22.0.0:] AndroidManifest.xml:44:21-48
119            </intent-filter>
120        </activity>
121
122        <service
122-->[:com.google.firebase.firebase-auth-22.0.0:] AndroidManifest.xml:66:9-72:19
123            android:name="com.google.firebase.components.ComponentDiscoveryService"
123-->[:com.google.firebase.firebase-auth-22.0.0:] AndroidManifest.xml:67:13-84
124            android:directBootAware="true"
124-->[:com.google.firebase.firebase-common-20.3.2:] AndroidManifest.xml:21:86-116
125            android:exported="false" >
125-->[:com.google.firebase.firebase-auth-22.0.0:] AndroidManifest.xml:68:13-37
126            <meta-data
126-->[:com.google.firebase.firebase-auth-22.0.0:] AndroidManifest.xml:69:13-71:85
127                android:name="com.google.firebase.components:com.google.firebase.auth.FirebaseAuthRegistrar"
127-->[:com.google.firebase.firebase-auth-22.0.0:] AndroidManifest.xml:70:17-109
128                android:value="com.google.firebase.components.ComponentRegistrar" />
128-->[:com.google.firebase.firebase-auth-22.0.0:] AndroidManifest.xml:71:17-82
129            <meta-data
129-->[:com.google.android.gms.play-services-measurement-api-21.2.2:] AndroidManifest.xml:31:13-33:85
130                android:name="com.google.firebase.components:com.google.firebase.analytics.connector.internal.AnalyticsConnectorRegistrar"
130-->[:com.google.android.gms.play-services-measurement-api-21.2.2:] AndroidManifest.xml:32:17-139
131                android:value="com.google.firebase.components.ComponentRegistrar" />
131-->[:com.google.android.gms.play-services-measurement-api-21.2.2:] AndroidManifest.xml:33:17-82
132            <meta-data
132-->[:com.google.firebase.firebase-database-20.2.1:] AndroidManifest.xml:31:13-33:85
133                android:name="com.google.firebase.components:com.google.firebase.database.DatabaseRegistrar"
133-->[:com.google.firebase.firebase-database-20.2.1:] AndroidManifest.xml:32:17-109
134                android:value="com.google.firebase.components.ComponentRegistrar" />
134-->[:com.google.firebase.firebase-database-20.2.1:] AndroidManifest.xml:33:17-82
135            <meta-data
135-->[:com.google.firebase.firebase-installations-17.0.1:] AndroidManifest.xml:18:13-20:85
136                android:name="com.google.firebase.components:com.google.firebase.installations.FirebaseInstallationsRegistrar"
136-->[:com.google.firebase.firebase-installations-17.0.1:] AndroidManifest.xml:19:17-127
137                android:value="com.google.firebase.components.ComponentRegistrar" />
137-->[:com.google.firebase.firebase-installations-17.0.1:] AndroidManifest.xml:20:17-82
138        </service>
139
140        <meta-data
140-->[:com.google.android.gms.play-services-basement-18.1.0:] AndroidManifest.xml:21:9-23:69
141            android:name="com.google.android.gms.version"
141-->[:com.google.android.gms.play-services-basement-18.1.0:] AndroidManifest.xml:22:13-58
142            android:value="@integer/google_play_services_version" />
142-->[:com.google.android.gms.play-services-basement-18.1.0:] AndroidManifest.xml:23:13-66
143
144        <activity
144-->[:com.google.android.gms.play-services-base-18.2.0:] AndroidManifest.xml:20:9-22:45
145            android:name="com.google.android.gms.common.api.GoogleApiActivity"
145-->[:com.google.android.gms.play-services-base-18.2.0:] AndroidManifest.xml:20:19-85
146            android:exported="false"
146-->[:com.google.android.gms.play-services-base-18.2.0:] AndroidManifest.xml:22:19-43
147            android:theme="@android:style/Theme.Translucent.NoTitleBar" />
147-->[:com.google.android.gms.play-services-base-18.2.0:] AndroidManifest.xml:21:19-78
148
149        <provider
149-->[:com.google.firebase.firebase-common-20.3.2:] AndroidManifest.xml:20:5-219
150            android:name="com.google.firebase.provider.FirebaseInitProvider"
150-->[:com.google.firebase.firebase-common-20.3.2:] AndroidManifest.xml:20:15-79
151            android:authorities="com.healthapp.firebaseinitprovider"
151-->[:com.google.firebase.firebase-common-20.3.2:] AndroidManifest.xml:20:80-136
152            android:directBootAware="true"
152-->[:com.google.firebase.firebase-common-20.3.2:] AndroidManifest.xml:20:137-167
153            android:exported="false"
153-->[:com.google.firebase.firebase-common-20.3.2:] AndroidManifest.xml:20:168-192
154            android:initOrder="100" />
154-->[:com.google.firebase.firebase-common-20.3.2:] AndroidManifest.xml:20:193-216
155
156        <receiver
156-->[:com.google.android.gms.play-services-measurement-21.2.2:] AndroidManifest.xml:29:9-33:20
157            android:name="com.google.android.gms.measurement.AppMeasurementReceiver"
157-->[:com.google.android.gms.play-services-measurement-21.2.2:] AndroidManifest.xml:30:13-85
158            android:enabled="true"
158-->[:com.google.android.gms.play-services-measurement-21.2.2:] AndroidManifest.xml:31:13-35
159            android:exported="false" >
159-->[:com.google.android.gms.play-services-measurement-21.2.2:] AndroidManifest.xml:32:13-37
160        </receiver>
161
162        <service
162-->[:com.google.android.gms.play-services-measurement-21.2.2:] AndroidManifest.xml:35:9-38:40
163            android:name="com.google.android.gms.measurement.AppMeasurementService"
163-->[:com.google.android.gms.play-services-measurement-21.2.2:] AndroidManifest.xml:36:13-84
164            android:enabled="true"
164-->[:com.google.android.gms.play-services-measurement-21.2.2:] AndroidManifest.xml:37:13-35
165            android:exported="false" />
165-->[:com.google.android.gms.play-services-measurement-21.2.2:] AndroidManifest.xml:38:13-37
166        <service
166-->[:com.google.android.gms.play-services-measurement-21.2.2:] AndroidManifest.xml:39:9-43:72
167            android:name="com.google.android.gms.measurement.AppMeasurementJobService"
167-->[:com.google.android.gms.play-services-measurement-21.2.2:] AndroidManifest.xml:40:13-87
168            android:enabled="true"
168-->[:com.google.android.gms.play-services-measurement-21.2.2:] AndroidManifest.xml:41:13-35
169            android:exported="false"
169-->[:com.google.android.gms.play-services-measurement-21.2.2:] AndroidManifest.xml:42:13-37
170            android:permission="android.permission.BIND_JOB_SERVICE" />
170-->[:com.google.android.gms.play-services-measurement-21.2.2:] AndroidManifest.xml:43:13-69
171
172        <activity
172-->[:com.google.android.gms.play-services-auth-16.0.1:] AndroidManifest.xml:23:9-27:75
173            android:name="com.google.android.gms.auth.api.signin.internal.SignInHubActivity"
173-->[:com.google.android.gms.play-services-auth-16.0.1:] AndroidManifest.xml:24:13-93
174            android:excludeFromRecents="true"
174-->[:com.google.android.gms.play-services-auth-16.0.1:] AndroidManifest.xml:25:13-46
175            android:exported="false"
175-->[:com.google.android.gms.play-services-auth-16.0.1:] AndroidManifest.xml:26:13-37
176            android:theme="@android:style/Theme.Translucent.NoTitleBar" />
176-->[:com.google.android.gms.play-services-auth-16.0.1:] AndroidManifest.xml:27:13-72
177        <!--
178            Service handling Google Sign-In user revocation. For apps that do not integrate with
179            Google Sign-In, this service will never be started.
180        -->
181        <service
181-->[:com.google.android.gms.play-services-auth-16.0.1:] AndroidManifest.xml:33:9-36:110
182            android:name="com.google.android.gms.auth.api.signin.RevocationBoundService"
182-->[:com.google.android.gms.play-services-auth-16.0.1:] AndroidManifest.xml:34:13-89
183            android:exported="true"
183-->[:com.google.android.gms.play-services-auth-16.0.1:] AndroidManifest.xml:35:13-36
184            android:permission="com.google.android.gms.auth.api.signin.permission.REVOCATION_NOTIFICATION" />
184-->[:com.google.android.gms.play-services-auth-16.0.1:] AndroidManifest.xml:36:13-107
185    </application>
186
187</manifest>